  C:\SFML-2.5.0\bin\openal32.dll
  C:\SFML-2.5.0\bin\sfml-audio-2.dll
  C:\SFML-2.5.0\bin\sfml-audio-d-2.dll
  C:\SFML-2.5.0\bin\sfml-graphics-2.dll
  C:\SFML-2.5.0\bin\sfml-graphics-d-2.dll
  C:\SFML-2.5.0\bin\sfml-network-2.dll
  C:\SFML-2.5.0\bin\sfml-network-d-2.dll
  C:\SFML-2.5.0\bin\sfml-system-2.dll
  C:\SFML-2.5.0\bin\sfml-system-d-2.dll
  C:\SFML-2.5.0\bin\sfml-window-2.dll
  C:\SFML-2.5.0\bin\sfml-window-d-2.dll
  11 File(s) copied
  Game.cpp
c:\users\nat\desktop\gpopengl1\sfmlopengl\game.cpp(226): warning C4305: 'argument': truncation from 'double' to 'GLfloat'
c:\users\nat\desktop\gpopengl1\sfmlopengl\game.cpp(227): warning C4305: 'argument': truncation from 'double' to 'GLfloat'
c:\users\nat\desktop\gpopengl1\sfmlopengl\game.cpp(238): warning C4305: 'argument': truncation from 'double' to 'GLfloat'
c:\users\nat\desktop\gpopengl1\sfmlopengl\game.cpp(239): warning C4305: 'argument': truncation from 'double' to 'GLfloat'
c:\users\nat\desktop\gpopengl1\sfmlopengl\game.cpp(240): warning C4305: 'argument': truncation from 'double' to 'GLfloat'
c:\users\nat\desktop\gpopengl1\sfmlopengl\game.cpp(241): warning C4305: 'argument': truncation from 'double' to 'GLfloat'
c:\users\nat\desktop\gpopengl1\sfmlopengl\game.cpp(242): warning C4305: 'argument': truncation from 'double' to 'GLfloat'
  SFMLOpenGL.vcxproj -> C:\Users\nat\Desktop\GPOpenGL1\Debug\SFMLOpenGL.exe
